<?xml version="1.0" encoding="UTF-8"?>
<!-- Generated by org.testng.reporters.JUnitXMLReporter -->
<testsuite ignored="0" hostname="LAPTOP-CPR5AGU7" failures="0" tests="4" name="Surefire test" time="15.062" errors="0" timestamp="2025-03-02T17:49:49 IST">
  <testcase classname="api.test.UserTests" name="testPostUser" time="5.403"/>
  <testcase classname="api.test.UserTests" name="testGetUserbyName" time="1.979"/>
  <testcase classname="api.test.UserTests" name="testUpdateUser" time="4.604"/>
  <testcase classname="api.test.UserTests" name="testDeleteUser" time="2.489"/>
</testsuite> <!-- Surefire test -->
