<?xml version="1.0" encoding="UTF-8"?>
<!-- Generated by org.testng.reporters.JUnitXMLReporter -->
<testsuite ignored="0" hostname="LAPTOP-CPR5AGU7" failures="0" tests="4" name="Default test" time="14.761" errors="0" timestamp="2025-03-02T16:58:48 IST">
  <testcase classname="api.test.UserTests" name="testPostUser" time="6.617"/>
  <testcase classname="api.test.UserTests" name="testGetUserbyName" time="1.918"/>
  <testcase classname="api.test.UserTests" name="testUpdateUser" time="3.751"/>
  <testcase classname="api.test.UserTests" name="testDeleteUser" time="1.814"/>
</testsuite> <!-- Default test -->
