<?xml version="1.0" encoding="UTF-8"?>
<testng-results ignored="0" total="4" passed="4" failed="0" skipped="0">
  <reporter-output>
  </reporter-output>
  <suite started-at="2025-03-02T17:49:34 IST" name="Surefire suite" finished-at="2025-03-02T17:49:49 IST" duration-ms="15062">
    <groups>
    </groups>
    <test started-at="2025-03-02T17:49:34 IST" name="Surefire test" finished-at="2025-03-02T17:49:49 IST" duration-ms="15062">
      <class name="api.test.UserTests">
        <test-method is-config="true" signature="setupData()[pri:0, instance:api.test.UserTests@53fdffa1]" started-at="2025-03-02T17:49:34 IST" name="setupData" finished-at="2025-03-02T17:49:35 IST" duration-ms="488" status="PASS">
          <reporter-output>
          </reporter-output>
        </test-method> <!-- setupData -->
        <test-method signature="testPostUser()[pri:1, instance:api.test.UserTests@53fdffa1]" started-at="2025-03-02T17:49:35 IST" name="testPostUser" finished-at="2025-03-02T17:49:40 IST" duration-ms="5403" status="PASS">
          <reporter-output>
          </reporter-output>
        </test-method> <!-- testPostUser -->
        <test-method signature="testGetUserbyName()[pri:2, instance:api.test.UserTests@53fdffa1]" started-at="2025-03-02T17:49:40 IST" name="testGetUserbyName" finished-at="2025-03-02T17:49:42 IST" duration-ms="1979" status="PASS">
          <reporter-output>
          </reporter-output>
        </test-method> <!-- testGetUserbyName -->
        <test-method signature="testUpdateUser()[pri:3, instance:api.test.UserTests@53fdffa1]" started-at="2025-03-02T17:49:42 IST" name="testUpdateUser" finished-at="2025-03-02T17:49:47 IST" duration-ms="4604" status="PASS">
          <reporter-output>
          </reporter-output>
        </test-method> <!-- testUpdateUser -->
        <test-method signature="testDeleteUser()[pri:4, instance:api.test.UserTests@53fdffa1]" started-at="2025-03-02T17:49:47 IST" name="testDeleteUser" finished-at="2025-03-02T17:49:49 IST" duration-ms="2489" status="PASS">
          <reporter-output>
          </reporter-output>
        </test-method> <!-- testDeleteUser -->
      </class> <!-- api.test.UserTests -->
    </test> <!-- Surefire test -->
  </suite> <!-- Surefire suite -->
</testng-results>
