<?xml version="1.0" encoding="UTF-8"?>
<!-- Generated by org.testng.reporters.JUnitXMLReporter -->
<testsuite ignored="0" hostname="LAPTOP-CPR5AGU7" failures="0" tests="4" name="PetTest" time="14.101" errors="0" timestamp="2025-03-02T17:27:27 IST">
  <testcase classname="api.test.UserTests" name="testPostUser" time="5.482"/>
  <testcase classname="api.test.UserTests" name="testGetUserbyName" time="1.948"/>
  <testcase classname="api.test.UserTests" name="testUpdateUser" time="3.593"/>
  <testcase classname="api.test.UserTests" name="testDeleteUser" time="1.761"/>
</testsuite> <!-- PetTest -->
