<?xml version="1.0" encoding="UTF-8"?>
<testng-results ignored="0" total="4" passed="4" failed="0" skipped="0">
  <reporter-output>
  </reporter-output>
  <suite started-at="2025-03-02T17:27:12 IST" name="PetTestSuite" finished-at="2025-03-02T17:27:26 IST" duration-ms="14101">
    <groups>
    </groups>
    <test started-at="2025-03-02T17:27:12 IST" name="PetTest" finished-at="2025-03-02T17:27:26 IST" duration-ms="14101">
      <class name="api.test.UserTests">
        <test-method is-config="true" signature="setupData()[pri:0, instance:api.test.UserTests@663c9e7a]" started-at="2025-03-02T17:27:12 IST" name="setupData" finished-at="2025-03-02T17:27:13 IST" duration-ms="458" status="PASS">
          <reporter-output>
          </reporter-output>
        </test-method> <!-- setupData -->
        <test-method signature="testPostUser()[pri:1, instance:api.test.UserTests@663c9e7a]" started-at="2025-03-02T17:27:13 IST" name="testPostUser" finished-at="2025-03-02T17:27:18 IST" duration-ms="5482" status="PASS">
          <reporter-output>
          </reporter-output>
        </test-method> <!-- testPostUser -->
        <test-method signature="testGetUserbyName()[pri:2, instance:api.test.UserTests@663c9e7a]" started-at="2025-03-02T17:27:18 IST" name="testGetUserbyName" finished-at="2025-03-02T17:27:20 IST" duration-ms="1948" status="PASS">
          <reporter-output>
          </reporter-output>
        </test-method> <!-- testGetUserbyName -->
        <test-method signature="testUpdateUser()[pri:3, instance:api.test.UserTests@663c9e7a]" started-at="2025-03-02T17:27:20 IST" name="testUpdateUser" finished-at="2025-03-02T17:27:24 IST" duration-ms="3593" status="PASS">
          <reporter-output>
          </reporter-output>
        </test-method> <!-- testUpdateUser -->
        <test-method signature="testDeleteUser()[pri:4, instance:api.test.UserTests@663c9e7a]" started-at="2025-03-02T17:27:24 IST" name="testDeleteUser" finished-at="2025-03-02T17:27:26 IST" duration-ms="1761" status="PASS">
          <reporter-output>
          </reporter-output>
        </test-method> <!-- testDeleteUser -->
      </class> <!-- api.test.UserTests -->
    </test> <!-- PetTest -->
  </suite> <!-- PetTestSuite -->
</testng-results>
